<?xml version="1.0" encoding="UTF-8"?>
<!-- Generated by org.testng.reporters.JUnitXMLReporter -->
<testsuite ignored="1" hostname="DESKTOP-VG7FOF4" failures="0" tests="4" name="Test" time="55.996" errors="0" timestamp="2023-03-13T08:04:21 IST">
  <testcase classname="testNGsession.Alert" name="simpleAlert" time="2.75"/>
  <testcase classname="testNGsession.Alert" name="confirmationAlert" time="2.728"/>
  <testcase classname="testNGsession.Alert" name="promptalert" time="0.972"/>
  <testcase classname="testNGsession.FileUploadAndDownload" name="upload" time="7.316"/>
  <testcase classname="testNGsession.FileUploadAndDownload" name="download" time="0.0">
    <ignored/>
  </testcase> <!-- download -->
</testsuite> <!-- Test -->
